# JRE version: Java(TM) SE Runtime Environment (8.0_65-b17) (build 1.8.0_65-b17)
# Java VM: Java HotSpot(TM) 64-Bit Server VM (25.65-b01 mixed mode bsd-amd64 compressed oops)
Heap:
 PSYoungGen      total 124416K, used 114773K [0x000000076ab00000, 0x0000000779400000, 0x00000007c0000000)
  eden space 113664K, 100% used [0x000000076ab00000,0x0000000771a00000,0x0000000771a00000)
  from space 10752K, 10% used [0x0000000771a00000,0x0000000771b157b0,0x0000000772480000)
  to   space 14336K, 0% used [0x0000000778600000,0x0000000778600000,0x0000000779400000)
 ParOldGen       total 99840K, used 10457K [0x00000006c0000000, 0x00000006c6180000, 0x000000076ab00000)
  object space 99840K, 10% used [0x00000006c0000000,0x00000006c0a364e8,0x00000006c6180000)
 Metaspace       used 24805K, capacity 26100K, committed 26240K, reserved 1071104K
  class space    used 3590K, capacity 3865K, committed 3968K, reserved 1048576K
GC Heap History (10 events):
Event: 5.330 GC heap before
{Heap before GC invocations=2 (full 0):
 PSYoungGen      total 76288K, used 45268K [0x000000076ab00000, 0x0000000770000000, 0x00000007c0000000)
  eden space 65536K, 52% used [0x000000076ab00000,0x000000076ccb9cb0,0x000000076eb00000)
  from space 10752K, 99% used [0x000000076eb00000,0x000000076f57b4d0,0x000000076f580000)
  to   space 10752K, 0% used [0x000000076f580000,0x000000076f580000,0x0000000770000000)
 ParOldGen       total 175104K, used 88K [0x00000006c0000000, 0x00000006cab00000, 0x000000076ab00000)
  object space 175104K, 0% used [0x00000006c0000000,0x00000006c0016010,0x00000006cab00000)
 Metaspace       used 20200K, capacity 21112K, committed 21248K, reserved 1067008K
  class space    used 2989K, capacity 3237K, committed 3328K, reserved 1048576K
Event: 5.338 GC heap after
Heap after GC invocations=2 (full 0):
 PSYoungGen      total 76288K, used 10541K [0x000000076ab00000, 0x0000000774000000, 0x00000007c0000000)
  eden space 65536K, 0% used [0x000000076ab00000,0x000000076ab00000,0x000000076eb00000)
  from space 10752K, 98% used [0x000000076f580000,0x000000076ffcb4a0,0x0000000770000000)
  to   space 10752K, 0% used [0x000000076eb00000,0x000000076eb00000,0x000000076f580000)
 ParOldGen       total 175104K, used 2144K [0x00000006c0000000, 0x00000006cab00000, 0x000000076ab00000)
  object space 175104K, 1% used [0x00000006c0000000,0x00000006c0218020,0x00000006cab00000)
 Metaspace       used 20200K, capacity 21112K, committed 21248K, reserved 1067008K
  class space    used 2989K, capacity 3237K, committed 3328K, reserved 1048576K
}
Event: 5.338 GC heap before
{Heap before GC invocations=3 (full 1):
 PSYoungGen      total 76288K, used 10541K [0x000000076ab00000, 0x0000000774000000, 0x00000007c0000000)
  eden space 65536K, 0% used [0x000000076ab00000,0x000000076ab00000,0x000000076eb00000)
  from space 10752K, 98% used [0x000000076f580000,0x000000076ffcb4a0,0x0000000770000000)
  to   space 10752K, 0% used [0x000000076eb00000,0x000000076eb00000,0x000000076f580000)
 ParOldGen       total 175104K, used 2144K [0x00000006c0000000, 0x00000006cab00000, 0x000000076ab00000)
  object space 175104K, 1% used [0x00000006c0000000,0x00000006c0218020,0x00000006cab00000)
 Metaspace       used 20200K, capacity 21112K, committed 21248K, reserved 1067008K
  class space    used 2989K, capacity 3237K, committed 3328K, reserved 1048576K
Event: 5.369 GC heap after
Heap after GC invocations=3 (full 1):
 PSYoungGen      total 76288K, used 0K [0x000000076ab00000, 0x0000000774000000, 0x00000007c0000000)
  eden space 65536K, 0% used [0x000000076ab00000,0x000000076ab00000,0x000000076eb00000)
  from space 10752K, 0% used [0x000000076f580000,0x000000076f580000,0x0000000770000000)
  to   space 10752K, 0% used [0x000000076eb00000,0x000000076eb00000,0x000000076f580000)
 ParOldGen       total 99840K, used 10449K [0x00000006c0000000, 0x00000006c6180000, 0x000000076ab00000)
  object space 99840K, 10% used [0x00000006c0000000,0x00000006c0a344e8,0x00000006c6180000)
 Metaspace       used 20200K, capacity 21112K, committed 21248K, reserved 1067008K
  class space    used 2989K, capacity 3237K, committed 3328K, reserved 1048576K
}
Event: 5.514 GC heap before
{Heap before GC invocations=4 (full 1):
 PSYoungGen      total 76288K, used 65519K [0x000000076ab00000, 0x0000000774000000, 0x00000007c0000000)
  eden space 65536K, 99% used [0x000000076ab00000,0x000000076eafbcf0,0x000000076eb00000)
  from space 10752K, 0% used [0x000000076f580000,0x000000076f580000,0x0000000770000000)
  to   space 10752K, 0% used [0x000000076eb00000,0x000000076eb00000,0x000000076f580000)
 ParOldGen       total 99840K, used 10449K [0x00000006c0000000, 0x00000006c6180000, 0x000000076ab00000)
  object space 99840K, 10% used [0x00000006c0000000,0x00000006c0a344e8,0x00000006c6180000)
 Metaspace       used 20933K, capacity 21912K, committed 22016K, reserved 1069056K
  class space    used 3072K, capacity 3311K, committed 3328K, reserved 1048576K
Event: 5.518 GC heap after
Heap after GC invocations=4 (full 1):
 PSYoungGen      total 76288K, used 869K [0x000000076ab00000, 0x0000000772f00000, 0x00000007c0000000)
  eden space 65536K, 0% used [0x000000076ab00000,0x000000076ab00000,0x000000076eb00000)
  from space 10752K, 8% used [0x000000076eb00000,0x000000076ebd9510,0x000000076f580000)
  to   space 10752K, 0% used [0x0000000772480000,0x0000000772480000,0x0000000772f00000)
 ParOldGen       total 99840K, used 10457K [0x00000006c0000000, 0x00000006c6180000, 0x000000076ab00000)
  object space 99840K, 10% used [0x00000006c0000000,0x00000006c0a364e8,0x00000006c6180000)
 Metaspace       used 20933K, capacity 21912K, committed 22016K, reserved 1069056K
  class space    used 3072K, capacity 3311K, committed 3328K, reserved 1048576K
}
Event: 5.532 GC heap before
{Heap before GC invocations=5 (full 1):
 PSYoungGen      total 76288K, used 66296K [0x000000076ab00000, 0x0000000772f00000, 0x00000007c0000000)
  eden space 65536K, 99% used [0x000000076ab00000,0x000000076eae4b38,0x000000076eb00000)
  from space 10752K, 8% used [0x000000076eb00000,0x000000076ebd9510,0x000000076f580000)
  to   space 10752K, 0% used [0x0000000772480000,0x0000000772480000,0x0000000772f00000)
 ParOldGen       total 99840K, used 10457K [0x00000006c0000000, 0x00000006c6180000, 0x000000076ab00000)
  object space 99840K, 10% used [0x00000006c0000000,0x00000006c0a364e8,0x00000006c6180000)
 Metaspace       used 20933K, capacity 21912K, committed 22016K, reserved 1069056K
  class space    used 3072K, capacity 3311K, committed 3328K, reserved 1048576K
Event: 5.533 GC heap after
Heap after GC invocations=5 (full 1):
 PSYoungGen      total 124416K, used 936K [0x000000076ab00000, 0x0000000773600000, 0x00000007c0000000)
  eden space 113664K, 0% used [0x000000076ab00000,0x000000076ab00000,0x0000000771a00000)
  from space 10752K, 8% used [0x0000000772480000,0x000000077256a1a8,0x0000000772f00000)
  to   space 10752K, 0% used [0x0000000771a00000,0x0000000771a00000,0x0000000772480000)
 ParOldGen       total 99840K, used 10457K [0x00000006c0000000, 0x00000006c6180000, 0x000000076ab00000)
  object space 99840K, 10% used [0x00000006c0000000,0x00000006c0a364e8,0x00000006c6180000)
 Metaspace       used 20933K, capacity 21912K, committed 22016K, reserved 1069056K
  class space    used 3072K, capacity 3311K, committed 3328K, reserved 1048576K
}
Event: 5.564 GC heap before
{Heap before GC invocations=6 (full 1):
 PSYoungGen      total 124416K, used 114591K [0x000000076ab00000, 0x0000000773600000, 0x00000007c0000000)
  eden space 113664K, 99% used [0x000000076ab00000,0x00000007719fdaf8,0x0000000771a00000)
  from space 10752K, 8% used [0x0000000772480000,0x000000077256a1a8,0x0000000772f00000)
  to   space 10752K, 0% used [0x0000000771a00000,0x0000000771a00000,0x0000000772480000)
 ParOldGen       total 99840K, used 10457K [0x00000006c0000000, 0x00000006c6180000, 0x000000076ab00000)
  object space 99840K, 10% used [0x00000006c0000000,0x00000006c0a364e8,0x00000006c6180000)
 Metaspace       used 20933K, capacity 21912K, committed 22016K, reserved 1069056K
  class space    used 3072K, capacity 3311K, committed 3328K, reserved 1048576K
Event: 5.565 GC heap after
Heap after GC invocations=6 (full 1):
 PSYoungGen      total 124416K, used 1109K [0x000000076ab00000, 0x0000000779400000, 0x00000007c0000000)
  eden space 113664K, 0% used [0x000000076ab00000,0x000000076ab00000,0x0000000771a00000)
  from space 10752K, 10% used [0x0000000771a00000,0x0000000771b157b0,0x0000000772480000)
  to   space 14336K, 0% used [0x0000000778600000,0x0000000778600000,0x0000000779400000)
 ParOldGen       total 99840K, used 10457K [0x00000006c0000000, 0x00000006c6180000, 0x000000076ab00000)
  object space 99840K, 10% used [0x00000006c0000000,0x00000006c0a364e8,0x00000006c6180000)
 Metaspace       used 20933K, capacity 21912K, committed 22016K, reserved 1069056K
  class space    used 3072K, capacity 3311K, committed 3328K, reserved 1048576K
}

