# JRE version: Java(TM) SE Runtime Environment (8.0_65-b17) (build 1.8.0_65-b17)
# Java VM: Java HotSpot(TM) 64-Bit Server VM (25.65-b01 mixed mode bsd-amd64 compressed oops)
Heap:
 PSYoungGen      total 465920K, used 357376K [0x000000076ab00000, 0x0000000789400000, 0x00000007c0000000)
  eden space 431104K, 82% used [0x000000076ab00000,0x0000000780800208,0x0000000785000000)
  from space 34816K, 0% used [0x0000000785000000,0x0000000785000000,0x0000000787200000)
  to   space 34816K, 0% used [0x0000000787200000,0x0000000787200000,0x0000000789400000)
 ParOldGen       total 108032K, used 82048K [0x00000006c0000000, 0x00000006c6980000, 0x000000076ab00000)
  object space 108032K, 75% used [0x00000006c0000000,0x00000006c50201f0,0x00000006c6980000)
 Metaspace       used 36245K, capacity 39886K, committed 39936K, reserved 1083392K
  class space    used 5017K, capacity 5626K, committed 5632K, reserved 1048576K
GC Heap History (10 events):
Event: 50.010 GC heap before
{Heap before GC invocations=21 (full 6):
 PSYoungGen      total 467968K, used 224K [0x000000076ab00000, 0x0000000789800000, 0x00000007c0000000)
  eden space 431104K, 0% used [0x000000076ab00000,0x000000076ab00000,0x0000000785000000)
  from space 36864K, 0% used [0x0000000785000000,0x0000000785038000,0x0000000787400000)
  to   space 36864K, 0% used [0x0000000787400000,0x0000000787400000,0x0000000789800000)
 ParOldGen       total 108032K, used 86670K [0x00000006c0000000, 0x00000006c6980000, 0x000000076ab00000)
  object space 108032K, 80% used [0x00000006c0000000,0x00000006c54a3a00,0x00000006c6980000)
 Metaspace       used 36009K, capacity 39662K, committed 39680K, reserved 1083392K
  class space    used 5011K, capacity 5620K, committed 5632K, reserved 1048576K
Event: 50.163 GC heap after
Heap after GC invocations=21 (full 6):
 PSYoungGen      total 467968K, used 0K [0x000000076ab00000, 0x0000000789800000, 0x00000007c0000000)
  eden space 431104K, 0% used [0x000000076ab00000,0x000000076ab00000,0x0000000785000000)
  from space 36864K, 0% used [0x0000000785000000,0x0000000785000000,0x0000000787400000)
  to   space 36864K, 0% used [0x0000000787400000,0x0000000787400000,0x0000000789800000)
 ParOldGen       total 108032K, used 82049K [0x00000006c0000000, 0x00000006c6980000, 0x000000076ab00000)
  object space 108032K, 75% used [0x00000006c0000000,0x00000006c50206e0,0x00000006c6980000)
 Metaspace       used 36009K, capacity 39662K, committed 39680K, reserved 1083392K
  class space    used 5011K, capacity 5620K, committed 5632K, reserved 1048576K
}
Event: 54.471 GC heap before
{Heap before GC invocations=22 (full 6):
 PSYoungGen      total 467968K, used 119028K [0x000000076ab00000, 0x0000000789800000, 0x00000007c0000000)
  eden space 431104K, 27% used [0x000000076ab00000,0x0000000771f3d288,0x0000000785000000)
  from space 36864K, 0% used [0x0000000785000000,0x0000000785000000,0x0000000787400000)
  to   space 36864K, 0% used [0x0000000787400000,0x0000000787400000,0x0000000789800000)
 ParOldGen       total 108032K, used 82049K [0x00000006c0000000, 0x00000006c6980000, 0x000000076ab00000)
  object space 108032K, 75% used [0x00000006c0000000,0x00000006c50206e0,0x00000006c6980000)
 Metaspace       used 36049K, capacity 39740K, committed 39936K, reserved 1083392K
  class space    used 5014K, capacity 5625K, committed 5632K, reserved 1048576K
Event: 54.480 GC heap after
Heap after GC invocations=22 (full 6):
 PSYoungGen      total 463872K, used 10442K [0x000000076ab00000, 0x0000000789400000, 0x00000007c0000000)
  eden space 431104K, 0% used [0x000000076ab00000,0x000000076ab00000,0x0000000785000000)
  from space 32768K, 31% used [0x0000000787400000,0x0000000787e32800,0x0000000789400000)
  to   space 34816K, 0% used [0x0000000785000000,0x0000000785000000,0x0000000787200000)
 ParOldGen       total 108032K, used 82057K [0x00000006c0000000, 0x00000006c6980000, 0x000000076ab00000)
  object space 108032K, 75% used [0x00000006c0000000,0x00000006c50226e0,0x00000006c6980000)
 Metaspace       used 36049K, capacity 39740K, committed 39936K, reserved 1083392K
  class space    used 5014K, capacity 5625K, committed 5632K, reserved 1048576K
}
Event: 54.480 GC heap before
{Heap before GC invocations=23 (full 7):
 PSYoungGen      total 463872K, used 10442K [0x000000076ab00000, 0x0000000789400000, 0x00000007c0000000)
  eden space 431104K, 0% used [0x000000076ab00000,0x000000076ab00000,0x0000000785000000)
  from space 32768K, 31% used [0x0000000787400000,0x0000000787e32800,0x0000000789400000)
  to   space 34816K, 0% used [0x0000000785000000,0x0000000785000000,0x0000000787200000)
 ParOldGen       total 108032K, used 82057K [0x00000006c0000000, 0x00000006c6980000, 0x000000076ab00000)
  object space 108032K, 75% used [0x00000006c0000000,0x00000006c50226e0,0x00000006c6980000)
 Metaspace       used 36049K, capacity 39740K, committed 39936K, reserved 1083392K
  class space    used 5014K, capacity 5625K, committed 5632K, reserved 1048576K
Event: 54.619 GC heap after
Heap after GC invocations=23 (full 7):
 PSYoungGen      total 463872K, used 0K [0x000000076ab00000, 0x0000000789400000, 0x00000007c0000000)
  eden space 431104K, 0% used [0x000000076ab00000,0x000000076ab00000,0x0000000785000000)
  from space 32768K, 0% used [0x0000000787400000,0x0000000787400000,0x0000000789400000)
  to   space 34816K, 0% used [0x0000000785000000,0x0000000785000000,0x0000000787200000)
 ParOldGen       total 108032K, used 82118K [0x00000006c0000000, 0x00000006c6980000, 0x000000076ab00000)
  object space 108032K, 76% used [0x00000006c0000000,0x00000006c5031898,0x00000006c6980000)
 Metaspace       used 36049K, capacity 39740K, committed 39936K, reserved 1083392K
  class space    used 5014K, capacity 5625K, committed 5632K, reserved 1048576K
}
Event: 54.622 GC heap before
{Heap before GC invocations=24 (full 7):
 PSYoungGen      total 463872K, used 11469K [0x000000076ab00000, 0x0000000789400000, 0x00000007c0000000)
  eden space 431104K, 2% used [0x000000076ab00000,0x000000076b633630,0x0000000785000000)
  from space 32768K, 0% used [0x0000000787400000,0x0000000787400000,0x0000000789400000)
  to   space 34816K, 0% used [0x0000000785000000,0x0000000785000000,0x0000000787200000)
 ParOldGen       total 108032K, used 82118K [0x00000006c0000000, 0x00000006c6980000, 0x000000076ab00000)
  object space 108032K, 76% used [0x00000006c0000000,0x00000006c5031898,0x00000006c6980000)
 Metaspace       used 36050K, capacity 39740K, committed 39936K, reserved 1083392K
  class space    used 5014K, capacity 5625K, committed 5632K, reserved 1048576K
Event: 54.623 GC heap after
Heap after GC invocations=24 (full 7):
 PSYoungGen      total 465920K, used 192K [0x000000076ab00000, 0x0000000789400000, 0x00000007c0000000)
  eden space 431104K, 0% used [0x000000076ab00000,0x000000076ab00000,0x0000000785000000)
  from space 34816K, 0% used [0x0000000785000000,0x0000000785030000,0x0000000787200000)
  to   space 34816K, 0% used [0x0000000787200000,0x0000000787200000,0x0000000789400000)
 ParOldGen       total 108032K, used 82118K [0x00000006c0000000, 0x00000006c6980000, 0x000000076ab00000)
  object space 108032K, 76% used [0x00000006c0000000,0x00000006c5031898,0x00000006c6980000)
 Metaspace       used 36050K, capacity 39740K, committed 39936K, reserved 1083392K
  class space    used 5014K, capacity 5625K, committed 5632K, reserved 1048576K
}
Event: 54.623 GC heap before
{Heap before GC invocations=25 (full 8):
 PSYoungGen      total 465920K, used 192K [0x000000076ab00000, 0x0000000789400000, 0x00000007c0000000)
  eden space 431104K, 0% used [0x000000076ab00000,0x000000076ab00000,0x0000000785000000)
  from space 34816K, 0% used [0x0000000785000000,0x0000000785030000,0x0000000787200000)
  to   space 34816K, 0% used [0x0000000787200000,0x0000000787200000,0x0000000789400000)
 ParOldGen       total 108032K, used 82118K [0x00000006c0000000, 0x00000006c6980000, 0x000000076ab00000)
  object space 108032K, 76% used [0x00000006c0000000,0x00000006c5031898,0x00000006c6980000)
 Metaspace       used 36050K, capacity 39740K, committed 39936K, reserved 1083392K
  class space    used 5014K, capacity 5625K, committed 5632K, reserved 1048576K
Event: 54.809 GC heap after
Heap after GC invocations=25 (full 8):
 PSYoungGen      total 465920K, used 0K [0x000000076ab00000, 0x0000000789400000, 0x00000007c0000000)
  eden space 431104K, 0% used [0x000000076ab00000,0x000000076ab00000,0x0000000785000000)
  from space 34816K, 0% used [0x0000000785000000,0x0000000785000000,0x0000000787200000)
  to   space 34816K, 0% used [0x0000000787200000,0x0000000787200000,0x0000000789400000)
 ParOldGen       total 108032K, used 82048K [0x00000006c0000000, 0x00000006c6980000, 0x000000076ab00000)
  object space 108032K, 75% used [0x00000006c0000000,0x00000006c50201f0,0x00000006c6980000)
 Metaspace       used 36050K, capacity 39740K, committed 39936K, reserved 1083392K
  class space    used 5014K, capacity 5625K, committed 5632K, reserved 1048576K
}

