# JRE version: Java(TM) SE Runtime Environment (8.0_65-b17) (build 1.8.0_65-b17)
# Java VM: Java HotSpot(TM) 64-Bit Server VM (25.65-b01 mixed mode bsd-amd64 compressed oops)
Heap:
 PSYoungGen      total 730624K, used 37588K [0x000000076ab00000, 0x00000007ad300000, 0x00000007c0000000)
  eden space 692736K, 4% used [0x000000076ab00000,0x000000076cc05108,0x0000000794f80000)
  from space 37888K, 9% used [0x0000000794f80000,0x0000000795330000,0x0000000797480000)
  to   space 36352K, 0% used [0x00000007aaf80000,0x00000007aaf80000,0x00000007ad300000)
 ParOldGen       total 118784K, used 64054K [0x00000006c0000000, 0x00000006c7400000, 0x000000076ab00000)
  object space 118784K, 53% used [0x00000006c0000000,0x00000006c3e8da18,0x00000006c7400000)
 Metaspace       used 33307K, capacity 37118K, committed 37248K, reserved 1081344K
  class space    used 4862K, capacity 5456K, committed 5504K, reserved 1048576K
GC Heap History (10 events):
Event: 97.207 GC heap before
{Heap before GC invocations=17 (full 4):
 PSYoungGen      total 371712K, used 371648K [0x000000076ab00000, 0x0000000789580000, 0x00000007c0000000)
  eden space 371200K, 100% used [0x000000076ab00000,0x0000000781580000,0x0000000781580000)
  from space 512K, 87% used [0x0000000789500000,0x0000000789570000,0x0000000789580000)
  to   space 41984K, 0% used [0x0000000784380000,0x0000000784380000,0x0000000786c80000)
 ParOldGen       total 118784K, used 57811K [0x00000006c0000000, 0x00000006c7400000, 0x000000076ab00000)
  object space 118784K, 48% used [0x00000006c0000000,0x00000006c3874e90,0x00000006c7400000)
 Metaspace       used 33173K, capacity 36896K, committed 36992K, reserved 1081344K
  class space    used 4842K, capacity 5437K, committed 5504K, reserved 1048576K
Event: 97.210 GC heap after
Heap after GC invocations=17 (full 4):
 PSYoungGen      total 460288K, used 704K [0x000000076ab00000, 0x000000078fa00000, 0x00000007c0000000)
  eden space 418304K, 0% used [0x000000076ab00000,0x000000076ab00000,0x0000000784380000)
  from space 41984K, 1% used [0x0000000784380000,0x0000000784430000,0x0000000786c80000)
  to   space 41984K, 0% used [0x000000078d100000,0x000000078d100000,0x000000078fa00000)
 ParOldGen       total 118784K, used 57939K [0x00000006c0000000, 0x00000006c7400000, 0x000000076ab00000)
  object space 118784K, 48% used [0x00000006c0000000,0x00000006c3894e90,0x00000006c7400000)
 Metaspace       used 33173K, capacity 36896K, committed 36992K, reserved 1081344K
  class space    used 4842K, capacity 5437K, committed 5504K, reserved 1048576K
}
Event: 105.921 GC heap before
{Heap before GC invocations=18 (full 4):
 PSYoungGen      total 460288K, used 298136K [0x000000076ab00000, 0x000000078fa00000, 0x00000007c0000000)
  eden space 418304K, 71% used [0x000000076ab00000,0x000000077cd76170,0x0000000784380000)
  from space 41984K, 1% used [0x0000000784380000,0x0000000784430000,0x0000000786c80000)
  to   space 41984K, 0% used [0x000000078d100000,0x000000078d100000,0x000000078fa00000)
 ParOldGen       total 118784K, used 57939K [0x00000006c0000000, 0x00000006c7400000, 0x000000076ab00000)
  object space 118784K, 48% used [0x00000006c0000000,0x00000006c3894e90,0x00000006c7400000)
 Metaspace       used 33189K, capacity 36896K, committed 36992K, reserved 1081344K
  class space    used 4842K, capacity 5437K, committed 5504K, reserved 1048576K
Event: 105.924 GC heap after
Heap after GC invocations=18 (full 4):
 PSYoungGen      total 564224K, used 960K [0x000000076ab00000, 0x0000000792900000, 0x00000007c0000000)
  eden space 522240K, 0% used [0x000000076ab00000,0x000000076ab00000,0x000000078a900000)
  from space 41984K, 2% used [0x000000078d100000,0x000000078d1f0000,0x000000078fa00000)
  to   space 40960K, 0% used [0x000000078a900000,0x000000078a900000,0x000000078d100000)
 ParOldGen       total 118784K, used 58291K [0x00000006c0000000, 0x00000006c7400000, 0x000000076ab00000)
  object space 118784K, 49% used [0x00000006c0000000,0x00000006c38ece90,0x00000006c7400000)
 Metaspace       used 33189K, capacity 36896K, committed 36992K, reserved 1081344K
  class space    used 4842K, capacity 5437K, committed 5504K, reserved 1048576K
}
Event: 108.407 GC heap before
{Heap before GC invocations=19 (full 4):
 PSYoungGen      total 564224K, used 210532K [0x000000076ab00000, 0x0000000792900000, 0x00000007c0000000)
  eden space 522240K, 40% used [0x000000076ab00000,0x00000007777a90e0,0x000000078a900000)
  from space 41984K, 2% used [0x000000078d100000,0x000000078d1f0000,0x000000078fa00000)
  to   space 40960K, 0% used [0x000000078a900000,0x000000078a900000,0x000000078d100000)
 ParOldGen       total 118784K, used 58291K [0x00000006c0000000, 0x00000006c7400000, 0x000000076ab00000)
  object space 118784K, 49% used [0x00000006c0000000,0x00000006c38ece90,0x00000006c7400000)
 Metaspace       used 33209K, capacity 36896K, committed 36992K, reserved 1081344K
  class space    used 4844K, capacity 5437K, committed 5504K, reserved 1048576K
Event: 108.413 GC heap after
Heap after GC invocations=19 (full 4):
 PSYoungGen      total 563200K, used 5280K [0x000000076ab00000, 0x0000000799f00000, 0x00000007c0000000)
  eden space 522240K, 0% used [0x000000076ab00000,0x000000076ab00000,0x000000078a900000)
  from space 40960K, 12% used [0x000000078a900000,0x000000078ae28000,0x000000078d100000)
  to   space 38912K, 0% used [0x0000000797900000,0x0000000797900000,0x0000000799f00000)
 ParOldGen       total 118784K, used 58775K [0x00000006c0000000, 0x00000006c7400000, 0x000000076ab00000)
  object space 118784K, 49% used [0x00000006c0000000,0x00000006c3965f40,0x00000006c7400000)
 Metaspace       used 33209K, capacity 36896K, committed 36992K, reserved 1081344K
  class space    used 4844K, capacity 5437K, committed 5504K, reserved 1048576K
}
Event: 108.981 GC heap before
{Heap before GC invocations=20 (full 4):
 PSYoungGen      total 563200K, used 44925K [0x000000076ab00000, 0x0000000799f00000, 0x00000007c0000000)
  eden space 522240K, 7% used [0x000000076ab00000,0x000000076d1b77b8,0x000000078a900000)
  from space 40960K, 12% used [0x000000078a900000,0x000000078ae28000,0x000000078d100000)
  to   space 38912K, 0% used [0x0000000797900000,0x0000000797900000,0x0000000799f00000)
 ParOldGen       total 118784K, used 58775K [0x00000006c0000000, 0x00000006c7400000, 0x000000076ab00000)
  object space 118784K, 49% used [0x00000006c0000000,0x00000006c3965f40,0x00000006c7400000)
 Metaspace       used 33293K, capacity 37112K, committed 37248K, reserved 1081344K
  class space    used 4861K, capacity 5455K, committed 5504K, reserved 1048576K
Event: 108.985 GC heap after
Heap after GC invocations=20 (full 4):
 PSYoungGen      total 726016K, used 320K [0x000000076ab00000, 0x0000000799980000, 0x00000007c0000000)
  eden space 692736K, 0% used [0x000000076ab00000,0x000000076ab00000,0x0000000794f80000)
  from space 33280K, 0% used [0x0000000797900000,0x0000000797950000,0x0000000799980000)
  to   space 37888K, 0% used [0x0000000794f80000,0x0000000794f80000,0x0000000797480000)
 ParOldGen       total 118784K, used 63903K [0x00000006c0000000, 0x00000006c7400000, 0x000000076ab00000)
  object space 118784K, 53% used [0x00000006c0000000,0x00000006c3e67f40,0x00000006c7400000)
 Metaspace       used 33293K, capacity 37112K, committed 37248K, reserved 1081344K
  class space    used 4861K, capacity 5455K, committed 5504K, reserved 1048576K
}
Event: 109.046 GC heap before
{Heap before GC invocations=21 (full 4):
 PSYoungGen      total 726016K, used 221771K [0x000000076ab00000, 0x0000000799980000, 0x00000007c0000000)
  eden space 692736K, 31% used [0x000000076ab00000,0x0000000778342ef0,0x0000000794f80000)
  from space 33280K, 0% used [0x0000000797900000,0x0000000797950000,0x0000000799980000)
  to   space 37888K, 0% used [0x0000000794f80000,0x0000000794f80000,0x0000000797480000)
 ParOldGen       total 118784K, used 63903K [0x00000006c0000000, 0x00000006c7400000, 0x000000076ab00000)
  object space 118784K, 53% used [0x00000006c0000000,0x00000006c3e67f40,0x00000006c7400000)
 Metaspace       used 33301K, capacity 37112K, committed 37248K, reserved 1081344K
  class space    used 4861K, capacity 5455K, committed 5504K, reserved 1048576K
Event: 109.052 GC heap after
Heap after GC invocations=21 (full 4):
 PSYoungGen      total 730624K, used 3776K [0x000000076ab00000, 0x00000007ad300000, 0x00000007c0000000)
  eden space 692736K, 0% used [0x000000076ab00000,0x000000076ab00000,0x0000000794f80000)
  from space 37888K, 9% used [0x0000000794f80000,0x0000000795330000,0x0000000797480000)
  to   space 36352K, 0% used [0x00000007aaf80000,0x00000007aaf80000,0x00000007ad300000)
 ParOldGen       total 118784K, used 64054K [0x00000006c0000000, 0x00000006c7400000, 0x000000076ab00000)
  object space 118784K, 53% used [0x00000006c0000000,0x00000006c3e8da18,0x00000006c7400000)
 Metaspace       used 33301K, capacity 37112K, committed 37248K, reserved 1081344K
  class space    used 4861K, capacity 5455K, committed 5504K, reserved 1048576K
}

