# JRE version: Java(TM) SE Runtime Environment (8.0_65-b17) (build 1.8.0_65-b17)
# Java VM: Java HotSpot(TM) 64-Bit Server VM (25.65-b01 mixed mode bsd-amd64 compressed oops)
Heap:
 PSYoungGen      total 76288K, used 49258K [0x000000076ab00000, 0x0000000772700000, 0x00000007c0000000)
  eden space 65536K, 64% used [0x000000076ab00000,0x000000076d4867d8,0x000000076eb00000)
  from space 10752K, 62% used [0x000000076eb00000,0x000000076f194130,0x000000076f580000)
  to   space 10752K, 0% used [0x0000000771c80000,0x0000000771c80000,0x0000000772700000)
 ParOldGen       total 101376K, used 10447K [0x00000006c0000000, 0x00000006c6300000, 0x000000076ab00000)
  object space 101376K, 10% used [0x00000006c0000000,0x00000006c0a33cc8,0x00000006c6300000)
 Metaspace       used 23608K, capacity 25040K, committed 25088K, reserved 1071104K
  class space    used 3529K, capacity 3833K, committed 3840K, reserved 1048576K
GC Heap History (8 events):
Event: 4.644 GC heap before
{Heap before GC invocations=1 (full 0):
 PSYoungGen      total 76288K, used 65536K [0x000000076ab00000, 0x0000000770000000, 0x00000007c0000000)
  eden space 65536K, 100% used [0x000000076ab00000,0x000000076eb00000,0x000000076eb00000)
  from space 10752K, 0% used [0x000000076f580000,0x000000076f580000,0x0000000770000000)
  to   space 10752K, 0% used [0x000000076eb00000,0x000000076eb00000,0x000000076f580000)
 ParOldGen       total 175104K, used 0K [0x00000006c0000000, 0x00000006cab00000, 0x000000076ab00000)
  object space 175104K, 0% used [0x00000006c0000000,0x00000006c0000000,0x00000006cab00000)
 Metaspace       used 16788K, capacity 17508K, committed 17792K, reserved 1064960K
  class space    used 2423K, capacity 2623K, committed 2688K, reserved 1048576K
Event: 4.652 GC heap after
Heap after GC invocations=1 (full 0):
 PSYoungGen      total 76288K, used 10733K [0x000000076ab00000, 0x0000000770000000, 0x00000007c0000000)
  eden space 65536K, 0% used [0x000000076ab00000,0x000000076ab00000,0x000000076eb00000)
  from space 10752K, 99% used [0x000000076eb00000,0x000000076f57b4d0,0x000000076f580000)
  to   space 10752K, 0% used [0x000000076f580000,0x000000076f580000,0x0000000770000000)
 ParOldGen       total 175104K, used 88K [0x00000006c0000000, 0x00000006cab00000, 0x000000076ab00000)
  object space 175104K, 0% used [0x00000006c0000000,0x00000006c0016010,0x00000006cab00000)
 Metaspace       used 16788K, capacity 17508K, committed 17792K, reserved 1064960K
  class space    used 2423K, capacity 2623K, committed 2688K, reserved 1048576K
}
Event: 4.997 GC heap before
{Heap before GC invocations=2 (full 0):
 PSYoungGen      total 76288K, used 45791K [0x000000076ab00000, 0x0000000770000000, 0x00000007c0000000)
  eden space 65536K, 53% used [0x000000076ab00000,0x000000076cd3c940,0x000000076eb00000)
  from space 10752K, 99% used [0x000000076eb00000,0x000000076f57b4d0,0x000000076f580000)
  to   space 10752K, 0% used [0x000000076f580000,0x000000076f580000,0x0000000770000000)
 ParOldGen       total 175104K, used 88K [0x00000006c0000000, 0x00000006cab00000, 0x000000076ab00000)
  object space 175104K, 0% used [0x00000006c0000000,0x00000006c0016010,0x00000006cab00000)
 Metaspace       used 20094K, capacity 21156K, committed 21248K, reserved 1067008K
  class space    used 3013K, capacity 3267K, committed 3328K, reserved 1048576K
Event: 5.006 GC heap after
Heap after GC invocations=2 (full 0):
 PSYoungGen      total 76288K, used 10556K [0x000000076ab00000, 0x0000000774000000, 0x00000007c0000000)
  eden space 65536K, 0% used [0x000000076ab00000,0x000000076ab00000,0x000000076eb00000)
  from space 10752K, 98% used [0x000000076f580000,0x000000076ffcf140,0x0000000770000000)
  to   space 10752K, 0% used [0x000000076eb00000,0x000000076eb00000,0x000000076f580000)
 ParOldGen       total 175104K, used 2144K [0x00000006c0000000, 0x00000006cab00000, 0x000000076ab00000)
  object space 175104K, 1% used [0x00000006c0000000,0x00000006c0218020,0x00000006cab00000)
 Metaspace       used 20094K, capacity 21156K, committed 21248K, reserved 1067008K
  class space    used 3013K, capacity 3267K, committed 3328K, reserved 1048576K
}
Event: 5.006 GC heap before
{Heap before GC invocations=3 (full 1):
 PSYoungGen      total 76288K, used 10556K [0x000000076ab00000, 0x0000000774000000, 0x00000007c0000000)
  eden space 65536K, 0% used [0x000000076ab00000,0x000000076ab00000,0x000000076eb00000)
  from space 10752K, 98% used [0x000000076f580000,0x000000076ffcf140,0x0000000770000000)
  to   space 10752K, 0% used [0x000000076eb00000,0x000000076eb00000,0x000000076f580000)
 ParOldGen       total 175104K, used 2144K [0x00000006c0000000, 0x00000006cab00000, 0x000000076ab00000)
  object space 175104K, 1% used [0x00000006c0000000,0x00000006c0218020,0x00000006cab00000)
 Metaspace       used 20094K, capacity 21156K, committed 21248K, reserved 1067008K
  class space    used 3013K, capacity 3267K, committed 3328K, reserved 1048576K
Event: 5.036 GC heap after
Heap after GC invocations=3 (full 1):
 PSYoungGen      total 76288K, used 0K [0x000000076ab00000, 0x0000000774000000, 0x00000007c0000000)
  eden space 65536K, 0% used [0x000000076ab00000,0x000000076ab00000,0x000000076eb00000)
  from space 10752K, 0% used [0x000000076f580000,0x000000076f580000,0x0000000770000000)
  to   space 10752K, 0% used [0x000000076eb00000,0x000000076eb00000,0x000000076f580000)
 ParOldGen       total 101376K, used 10439K [0x00000006c0000000, 0x00000006c6300000, 0x000000076ab00000)
  object space 101376K, 10% used [0x00000006c0000000,0x00000006c0a31cc8,0x00000006c6300000)
 Metaspace       used 20094K, capacity 21156K, committed 21248K, reserved 1067008K
  class space    used 3013K, capacity 3267K, committed 3328K, reserved 1048576K
}
Event: 5.940 GC heap before
{Heap before GC invocations=4 (full 1):
 PSYoungGen      total 76288K, used 65536K [0x000000076ab00000, 0x0000000774000000, 0x00000007c0000000)
  eden space 65536K, 100% used [0x000000076ab00000,0x000000076eb00000,0x000000076eb00000)
  from space 10752K, 0% used [0x000000076f580000,0x000000076f580000,0x0000000770000000)
  to   space 10752K, 0% used [0x000000076eb00000,0x000000076eb00000,0x000000076f580000)
 ParOldGen       total 101376K, used 10439K [0x00000006c0000000, 0x00000006c6300000, 0x000000076ab00000)
  object space 101376K, 10% used [0x00000006c0000000,0x00000006c0a31cc8,0x00000006c6300000)
 Metaspace       used 22876K, capacity 24090K, committed 24192K, reserved 1069056K
  class space    used 3384K, capacity 3684K, committed 3712K, reserved 1048576K
Event: 5.943 GC heap after
Heap after GC invocations=4 (full 1):
 PSYoungGen      total 76288K, used 6736K [0x000000076ab00000, 0x0000000772700000, 0x00000007c0000000)
  eden space 65536K, 0% used [0x000000076ab00000,0x000000076ab00000,0x000000076eb00000)
  from space 10752K, 62% used [0x000000076eb00000,0x000000076f194130,0x000000076f580000)
  to   space 10752K, 0% used [0x0000000771c80000,0x0000000771c80000,0x0000000772700000)
 ParOldGen       total 101376K, used 10447K [0x00000006c0000000, 0x00000006c6300000, 0x000000076ab00000)
  object space 101376K, 10% used [0x00000006c0000000,0x00000006c0a33cc8,0x00000006c6300000)
 Metaspace       used 22876K, capacity 24090K, committed 24192K, reserved 1069056K
  class space    used 3384K, capacity 3684K, committed 3712K, reserved 1048576K
}

