# JRE version: Java(TM) SE Runtime Environment (8.0_65-b17) (build 1.8.0_65-b17)
# Java VM: Java HotSpot(TM) 64-Bit Server VM (25.65-b01 mixed mode bsd-amd64 compressed oops)
Heap:
 PSYoungGen      total 76288K, used 45586K [0x000000076ab00000, 0x0000000772800000, 0x00000007c0000000)
  eden space 65536K, 59% used [0x000000076ab00000,0x000000076d0e0850,0x000000076eb00000)
  from space 10752K, 63% used [0x000000076eb00000,0x000000076f1a4130,0x000000076f580000)
  to   space 10752K, 0% used [0x0000000771d80000,0x0000000771d80000,0x0000000772800000)
 ParOldGen       total 100352K, used 10457K [0x00000006c0000000, 0x00000006c6200000, 0x000000076ab00000)
  object space 100352K, 10% used [0x00000006c0000000,0x00000006c0a367e0,0x00000006c6200000)
 Metaspace       used 23608K, capacity 25040K, committed 25088K, reserved 1071104K
  class space    used 3529K, capacity 3833K, committed 3840K, reserved 1048576K
GC Heap History (8 events):
Event: 4.725 GC heap before
{Heap before GC invocations=1 (full 0):
 PSYoungGen      total 76288K, used 65536K [0x000000076ab00000, 0x0000000770000000, 0x00000007c0000000)
  eden space 65536K, 100% used [0x000000076ab00000,0x000000076eb00000,0x000000076eb00000)
  from space 10752K, 0% used [0x000000076f580000,0x000000076f580000,0x0000000770000000)
  to   space 10752K, 0% used [0x000000076eb00000,0x000000076eb00000,0x000000076f580000)
 ParOldGen       total 175104K, used 0K [0x00000006c0000000, 0x00000006cab00000, 0x000000076ab00000)
  object space 175104K, 0% used [0x00000006c0000000,0x00000006c0000000,0x00000006cab00000)
 Metaspace       used 16778K, capacity 17508K, committed 17792K, reserved 1064960K
  class space    used 2424K, capacity 2623K, committed 2688K, reserved 1048576K
Event: 4.733 GC heap after
Heap after GC invocations=1 (full 0):
 PSYoungGen      total 76288K, used 10746K [0x000000076ab00000, 0x0000000770000000, 0x00000007c0000000)
  eden space 65536K, 0% used [0x000000076ab00000,0x000000076ab00000,0x000000076eb00000)
  from space 10752K, 99% used [0x000000076eb00000,0x000000076f57ea30,0x000000076f580000)
  to   space 10752K, 0% used [0x000000076f580000,0x000000076f580000,0x0000000770000000)
 ParOldGen       total 175104K, used 80K [0x00000006c0000000, 0x00000006cab00000, 0x000000076ab00000)
  object space 175104K, 0% used [0x00000006c0000000,0x00000006c0014010,0x00000006cab00000)
 Metaspace       used 16778K, capacity 17508K, committed 17792K, reserved 1064960K
  class space    used 2424K, capacity 2623K, committed 2688K, reserved 1048576K
}
Event: 5.067 GC heap before
{Heap before GC invocations=2 (full 0):
 PSYoungGen      total 76288K, used 45713K [0x000000076ab00000, 0x0000000770000000, 0x00000007c0000000)
  eden space 65536K, 53% used [0x000000076ab00000,0x000000076cd25da0,0x000000076eb00000)
  from space 10752K, 99% used [0x000000076eb00000,0x000000076f57ea30,0x000000076f580000)
  to   space 10752K, 0% used [0x000000076f580000,0x000000076f580000,0x0000000770000000)
 ParOldGen       total 175104K, used 80K [0x00000006c0000000, 0x00000006cab00000, 0x000000076ab00000)
  object space 175104K, 0% used [0x00000006c0000000,0x00000006c0014010,0x00000006cab00000)
 Metaspace       used 20102K, capacity 21156K, committed 21248K, reserved 1067008K
  class space    used 3013K, capacity 3267K, committed 3328K, reserved 1048576K
Event: 5.076 GC heap after
Heap after GC invocations=2 (full 0):
 PSYoungGen      total 76288K, used 10554K [0x000000076ab00000, 0x0000000774000000, 0x00000007c0000000)
  eden space 65536K, 0% used [0x000000076ab00000,0x000000076ab00000,0x000000076eb00000)
  from space 10752K, 98% used [0x000000076f580000,0x000000076ffcea40,0x0000000770000000)
  to   space 10752K, 0% used [0x000000076eb00000,0x000000076eb00000,0x000000076f580000)
 ParOldGen       total 175104K, used 2136K [0x00000006c0000000, 0x00000006cab00000, 0x000000076ab00000)
  object space 175104K, 1% used [0x00000006c0000000,0x00000006c0216020,0x00000006cab00000)
 Metaspace       used 20102K, capacity 21156K, committed 21248K, reserved 1067008K
  class space    used 3013K, capacity 3267K, committed 3328K, reserved 1048576K
}
Event: 5.076 GC heap before
{Heap before GC invocations=3 (full 1):
 PSYoungGen      total 76288K, used 10554K [0x000000076ab00000, 0x0000000774000000, 0x00000007c0000000)
  eden space 65536K, 0% used [0x000000076ab00000,0x000000076ab00000,0x000000076eb00000)
  from space 10752K, 98% used [0x000000076f580000,0x000000076ffcea40,0x0000000770000000)
  to   space 10752K, 0% used [0x000000076eb00000,0x000000076eb00000,0x000000076f580000)
 ParOldGen       total 175104K, used 2136K [0x00000006c0000000, 0x00000006cab00000, 0x000000076ab00000)
  object space 175104K, 1% used [0x00000006c0000000,0x00000006c0216020,0x00000006cab00000)
 Metaspace       used 20102K, capacity 21156K, committed 21248K, reserved 1067008K
  class space    used 3013K, capacity 3267K, committed 3328K, reserved 1048576K
Event: 5.107 GC heap after
Heap after GC invocations=3 (full 1):
 PSYoungGen      total 76288K, used 0K [0x000000076ab00000, 0x0000000774000000, 0x00000007c0000000)
  eden space 65536K, 0% used [0x000000076ab00000,0x000000076ab00000,0x000000076eb00000)
  from space 10752K, 0% used [0x000000076f580000,0x000000076f580000,0x0000000770000000)
  to   space 10752K, 0% used [0x000000076eb00000,0x000000076eb00000,0x000000076f580000)
 ParOldGen       total 100352K, used 10449K [0x00000006c0000000, 0x00000006c6200000, 0x000000076ab00000)
  object space 100352K, 10% used [0x00000006c0000000,0x00000006c0a347e0,0x00000006c6200000)
 Metaspace       used 20102K, capacity 21156K, committed 21248K, reserved 1067008K
  class space    used 3013K, capacity 3267K, committed 3328K, reserved 1048576K
}
Event: 6.030 GC heap before
{Heap before GC invocations=4 (full 1):
 PSYoungGen      total 76288K, used 65536K [0x000000076ab00000, 0x0000000774000000, 0x00000007c0000000)
  eden space 65536K, 100% used [0x000000076ab00000,0x000000076eb00000,0x000000076eb00000)
  from space 10752K, 0% used [0x000000076f580000,0x000000076f580000,0x0000000770000000)
  to   space 10752K, 0% used [0x000000076eb00000,0x000000076eb00000,0x000000076f580000)
 ParOldGen       total 100352K, used 10449K [0x00000006c0000000, 0x00000006c6200000, 0x000000076ab00000)
  object space 100352K, 10% used [0x00000006c0000000,0x00000006c0a347e0,0x00000006c6200000)
 Metaspace       used 22872K, capacity 24090K, committed 24192K, reserved 1069056K
  class space    used 3384K, capacity 3684K, committed 3712K, reserved 1048576K
Event: 6.034 GC heap after
Heap after GC invocations=4 (full 1):
 PSYoungGen      total 76288K, used 6800K [0x000000076ab00000, 0x0000000772800000, 0x00000007c0000000)
  eden space 65536K, 0% used [0x000000076ab00000,0x000000076ab00000,0x000000076eb00000)
  from space 10752K, 63% used [0x000000076eb00000,0x000000076f1a4130,0x000000076f580000)
  to   space 10752K, 0% used [0x0000000771d80000,0x0000000771d80000,0x0000000772800000)
 ParOldGen       total 100352K, used 10457K [0x00000006c0000000, 0x00000006c6200000, 0x000000076ab00000)
  object space 100352K, 10% used [0x00000006c0000000,0x00000006c0a367e0,0x00000006c6200000)
 Metaspace       used 22872K, capacity 24090K, committed 24192K, reserved 1069056K
  class space    used 3384K, capacity 3684K, committed 3712K, reserved 1048576K
}

