# JRE version: Java(TM) SE Runtime Environment (8.0_65-b17) (build 1.8.0_65-b17)
# Java VM: Java HotSpot(TM) 64-Bit Server VM (25.65-b01 mixed mode bsd-amd64 compressed oops)
Heap:
 PSYoungGen      total 76288K, used 65282K [0x000000076ab00000, 0x0000000772900000, 0x00000007c0000000)
  eden space 65536K, 88% used [0x000000076ab00000,0x000000076e3e2bc0,0x000000076eb00000)
  from space 10752K, 65% used [0x000000076eb00000,0x000000076f1dde58,0x000000076f580000)
  to   space 10752K, 0% used [0x0000000771e80000,0x0000000771e80000,0x0000000772900000)
 ParOldGen       total 99328K, used 10467K [0x00000006c0000000, 0x00000006c6100000, 0x000000076ab00000)
  object space 99328K, 10% used [0x00000006c0000000,0x00000006c0a38e30,0x00000006c6100000)
 Metaspace       used 25909K, capacity 28086K, committed 28288K, reserved 1073152K
  class space    used 3965K, capacity 4432K, committed 4480K, reserved 1048576K
GC Heap History (8 events):
Event: 4.440 GC heap before
{Heap before GC invocations=1 (full 0):
 PSYoungGen      total 76288K, used 65536K [0x000000076ab00000, 0x0000000770000000, 0x00000007c0000000)
  eden space 65536K, 100% used [0x000000076ab00000,0x000000076eb00000,0x000000076eb00000)
  from space 10752K, 0% used [0x000000076f580000,0x000000076f580000,0x0000000770000000)
  to   space 10752K, 0% used [0x000000076eb00000,0x000000076eb00000,0x000000076f580000)
 ParOldGen       total 175104K, used 0K [0x00000006c0000000, 0x00000006cab00000, 0x000000076ab00000)
  object space 175104K, 0% used [0x00000006c0000000,0x00000006c0000000,0x00000006cab00000)
 Metaspace       used 16805K, capacity 17520K, committed 17792K, reserved 1064960K
  class space    used 2410K, capacity 2625K, committed 2688K, reserved 1048576K
Event: 4.448 GC heap after
Heap after GC invocations=1 (full 0):
 PSYoungGen      total 76288K, used 10736K [0x000000076ab00000, 0x0000000770000000, 0x00000007c0000000)
  eden space 65536K, 0% used [0x000000076ab00000,0x000000076ab00000,0x000000076eb00000)
  from space 10752K, 99% used [0x000000076eb00000,0x000000076f57c040,0x000000076f580000)
  to   space 10752K, 0% used [0x000000076f580000,0x000000076f580000,0x0000000770000000)
 ParOldGen       total 175104K, used 112K [0x00000006c0000000, 0x00000006cab00000, 0x000000076ab00000)
  object space 175104K, 0% used [0x00000006c0000000,0x00000006c001c010,0x00000006cab00000)
 Metaspace       used 16805K, capacity 17520K, committed 17792K, reserved 1064960K
  class space    used 2410K, capacity 2625K, committed 2688K, reserved 1048576K
}
Event: 4.761 GC heap before
{Heap before GC invocations=2 (full 0):
 PSYoungGen      total 76288K, used 44999K [0x000000076ab00000, 0x0000000770000000, 0x00000007c0000000)
  eden space 65536K, 52% used [0x000000076ab00000,0x000000076cc75f20,0x000000076eb00000)
  from space 10752K, 99% used [0x000000076eb00000,0x000000076f57c040,0x000000076f580000)
  to   space 10752K, 0% used [0x000000076f580000,0x000000076f580000,0x0000000770000000)
 ParOldGen       total 175104K, used 112K [0x00000006c0000000, 0x00000006cab00000, 0x000000076ab00000)
  object space 175104K, 0% used [0x00000006c0000000,0x00000006c001c010,0x00000006cab00000)
 Metaspace       used 20177K, capacity 21106K, committed 21248K, reserved 1067008K
  class space    used 2985K, capacity 3210K, committed 3328K, reserved 1048576K
Event: 4.770 GC heap after
Heap after GC invocations=2 (full 0):
 PSYoungGen      total 76288K, used 10541K [0x000000076ab00000, 0x0000000774000000, 0x00000007c0000000)
  eden space 65536K, 0% used [0x000000076ab00000,0x000000076ab00000,0x000000076eb00000)
  from space 10752K, 98% used [0x000000076f580000,0x000000076ffcb4c0,0x0000000770000000)
  to   space 10752K, 0% used [0x000000076eb00000,0x000000076eb00000,0x000000076f580000)
 ParOldGen       total 175104K, used 2168K [0x00000006c0000000, 0x00000006cab00000, 0x000000076ab00000)
  object space 175104K, 1% used [0x00000006c0000000,0x00000006c021e020,0x00000006cab00000)
 Metaspace       used 20177K, capacity 21106K, committed 21248K, reserved 1067008K
  class space    used 2985K, capacity 3210K, committed 3328K, reserved 1048576K
}
Event: 4.770 GC heap before
{Heap before GC invocations=3 (full 1):
 PSYoungGen      total 76288K, used 10541K [0x000000076ab00000, 0x0000000774000000, 0x00000007c0000000)
  eden space 65536K, 0% used [0x000000076ab00000,0x000000076ab00000,0x000000076eb00000)
  from space 10752K, 98% used [0x000000076f580000,0x000000076ffcb4c0,0x0000000770000000)
  to   space 10752K, 0% used [0x000000076eb00000,0x000000076eb00000,0x000000076f580000)
 ParOldGen       total 175104K, used 2168K [0x00000006c0000000, 0x00000006cab00000, 0x000000076ab00000)
  object space 175104K, 1% used [0x00000006c0000000,0x00000006c021e020,0x00000006cab00000)
 Metaspace       used 20177K, capacity 21106K, committed 21248K, reserved 1067008K
  class space    used 2985K, capacity 3210K, committed 3328K, reserved 1048576K
Event: 4.800 GC heap after
Heap after GC invocations=3 (full 1):
 PSYoungGen      total 76288K, used 0K [0x000000076ab00000, 0x0000000774000000, 0x00000007c0000000)
  eden space 65536K, 0% used [0x000000076ab00000,0x000000076ab00000,0x000000076eb00000)
  from space 10752K, 0% used [0x000000076f580000,0x000000076f580000,0x0000000770000000)
  to   space 10752K, 0% used [0x000000076eb00000,0x000000076eb00000,0x000000076f580000)
 ParOldGen       total 99328K, used 10459K [0x00000006c0000000, 0x00000006c6100000, 0x000000076ab00000)
  object space 99328K, 10% used [0x00000006c0000000,0x00000006c0a36e30,0x00000006c6100000)
 Metaspace       used 20177K, capacity 21106K, committed 21248K, reserved 1067008K
  class space    used 2985K, capacity 3210K, committed 3328K, reserved 1048576K
}
Event: 5.805 GC heap before
{Heap before GC invocations=4 (full 1):
 PSYoungGen      total 76288K, used 65536K [0x000000076ab00000, 0x0000000774000000, 0x00000007c0000000)
  eden space 65536K, 100% used [0x000000076ab00000,0x000000076eb00000,0x000000076eb00000)
  from space 10752K, 0% used [0x000000076f580000,0x000000076f580000,0x0000000770000000)
  to   space 10752K, 0% used [0x000000076eb00000,0x000000076eb00000,0x000000076f580000)
 ParOldGen       total 99328K, used 10459K [0x00000006c0000000, 0x00000006c6100000, 0x000000076ab00000)
  object space 99328K, 10% used [0x00000006c0000000,0x00000006c0a36e30,0x00000006c6100000)
 Metaspace       used 25504K, capacity 27522K, committed 27648K, reserved 1073152K
  class space    used 3894K, capacity 4292K, committed 4352K, reserved 1048576K
Event: 5.811 GC heap after
Heap after GC invocations=4 (full 1):
 PSYoungGen      total 76288K, used 7031K [0x000000076ab00000, 0x0000000772900000, 0x00000007c0000000)
  eden space 65536K, 0% used [0x000000076ab00000,0x000000076ab00000,0x000000076eb00000)
  from space 10752K, 65% used [0x000000076eb00000,0x000000076f1dde58,0x000000076f580000)
  to   space 10752K, 0% used [0x0000000771e80000,0x0000000771e80000,0x0000000772900000)
 ParOldGen       total 99328K, used 10467K [0x00000006c0000000, 0x00000006c6100000, 0x000000076ab00000)
  object space 99328K, 10% used [0x00000006c0000000,0x00000006c0a38e30,0x00000006c6100000)
 Metaspace       used 25504K, capacity 27522K, committed 27648K, reserved 1073152K
  class space    used 3894K, capacity 4292K, committed 4352K, reserved 1048576K
}

